<?xml version='1.0' encoding='UTF-8'?>
<testsuite hostname="VibhorMathur" name="ApplicationSpec" tests="3" errors="0" failures="1" time="2.111">
                     <properties>
[...]
</properties>
                     <testcase classname="ApplicationSpec" name="Routes should send 404 on a bad request" time="0.561">
                                                 
                                               </testcase><testcase classname="ApplicationSpec" name="HomeController should render the index page" time="0.936">
                                                 
                                               </testcase><testcase classname="ApplicationSpec" name="SCIMController should return requested json" time="0.614">
                                                 <failure message="org.scalatest.exceptions.TestFailedException: &quot;

&lt;!DOCTYPE html&gt;
&lt;html lang=&quot;en&quot;&gt;
    &lt;head&gt;
        &lt;title&gt;Action Not Found&lt;/title&gt;
        &lt;link rel=&quot;shortcut icon&quot; href=&quot;data:image/png;base64,iVBORw0KGgoAAAANSUhEUgAAABAAAAAQCAYAAAAf8/9hAAAAGXRFWHRTb2Z0d2FyZQBBZG9iZSBJbWFnZVJlYWR5ccllPAAAAlFJREFUeNqUU8tOFEEUPVVdNV3dPe8xYRBnjGhmBgKjKzCIiQvBoIaNbly5Z+PSv3Aj7DSiP2B0rwkLGVdGgxITSCRIJGSMEQWZR3eVt5sEFBgTb/dN1yvnnHtPNTPG4PqdHgCMXnPRSZrpSuH8vUJu4DE4rYHDGAZDX62BZttHqTiIayM3gGiXQsgYLEvATaqxU+dy1U13YXapXptpNHY8iwn8KyIAzm1KBdtRZWErpI5lEWTXp5Z/vHpZ3/wyKKwYGGOdAYwR0EZwoezTYApBEIObyELl/aE1/83cp40Pt5mxqCKrE4Ck+mVWKKcI5tA8BLEhRBKJLjez6a7MLq7XZtp+yyOawwCBtkiBVZDKzRk4NN7NQBMYPHiZDFhXY+p9ff7F961vVcnl4R5I2ykJ5XFN7Ab7Gc61VoipNBKF+PDyztu5lfrSLT/wIwCxq0CAGtXHZTzqR2jtwQiXONma6hHpj9sLT7YaPxfTXuZdBGA02Wi7FS48YiTfj+i2NhqtdhP5RC8mh2/Op7y0v6eAcWVLFT8D7kWX5S9mepp+C450MV6aWL1cGnvkxbwHtLW2B9AOkLeUd9KEDuh9fl/7CEj7YH5g+3r/lWfF9In7tPz6T4IIwBJOr1SJyIGQMZQbsh5P9uBq5VJtqHh2mo49pdw5WFoEwKWqWHacaWOjQXWGcifKo6vj5RGS6zykI587XeUIQDqJSmAp+lE4qt19W5P9o8+Lma5DcjsC8JiT607lMVkdqQ0Vyh3lHhmh52tfNy78ajXv0rgYzv8nfwswANuk+7sD/Q0aAAAAAElFTkSuQmCC&quot;&gt;
        &lt;style&gt;
            html, body, pre {
                margin: 0;
                padding: 0;
                font-family: Monaco, 'Lucida Console', monospace;
                background: #ECECEC;
            }
            h1 {
                margin: 0;
                background: #AD632A;
                padding: 20px 45px;
                color: #fff;
                text-shadow: 1px 1px 1px rgba(0,0,0,.3);
                border-bottom: 1px solid #9F5805;
                font-size: 28px;
            }
            p#detail {
                margin: 0;
                padding: 15px 45px;
                background: #F6A960;
                border-top: 4px solid #D29052;
                color: #733512;
                text-shadow: 1px 1px 1px rgba(255,255,255,.3);
                font-size: 14px;
                border-bottom: 1px solid #BA7F5B;
            }
            h2 {
                margin: 0;
                padding: 5px 45px;
                font-size: 12px;
                background: #333;
                color: #fff;
                text-shadow: 1px 1px 1px rgba(0,0,0,.3);
                border-top: 4px solid #2a2a2a;
            }
            pre {
                margin: 0;
                border-bottom: 1px solid #DDD;
                text-shadow: 1px 1px 1px rgba(255,255,255,.5);
                position: relative;
                font-size: 12px;
            }
            pre span.line {
                text-align: right;
                display: inline-block;
                padding: 5px 5px;
                width: 30px;
                background: #D6D6D6;
                color: #8B8B8B;
                text-shadow: 1px 1px 1px rgba(255,255,255,.5);
                font-weight: bold;
            }
            pre span.route {
                padding: 5px 5px;
                position: absolute;
                right: 0;
                left: 40px;
            }
            pre span.route span.verb {
                display: inline-block;
                width: 5%;
                min-width: 50px;
                overflow: hidden;
                margin-right: 10px;
            }
            pre span.route span.path {
                display: inline-block;
                width: 30%;
                min-width: 200px;
                overflow: hidden;
                margin-right: 10px;
            }
            pre span.route span.call {
                display: inline-block;
                width: 50%;
                overflow: hidden;
                margin-right: 10px;
            }
            pre:first-child span.route {
                border-top: 4px solid #CDCDCD;
            }
            pre:first-child span.line {
                border-top: 4px solid #B6B6B6;
            }
            pre.error span.line {
                background: #A31012;
                color: #fff;
                text-shadow: 1px 1px 1px rgba(0,0,0,.3);
            }
        &lt;/style&gt;
    &lt;/head&gt;
    &lt;body&gt;
        &lt;h1&gt;Action Not Found&lt;/h1&gt;

        &lt;p id=&quot;detail&quot;&gt;
            For request 'GET /Users/1001'
        &lt;/p&gt;

        

                &lt;h2&gt;
                    These routes have been tried, in this order:
                &lt;/h2&gt;

                &lt;div&gt;
                    
                        &lt;pre&gt;&lt;span class=&quot;line&quot;&gt;1&lt;/span&gt;&lt;span class=&quot;route&quot;&gt;&lt;span class=&quot;verb&quot;&gt;GET&lt;/span&gt;&lt;span class=&quot;path&quot;&gt;/&lt;/span&gt;&lt;span class=&quot;call&quot;&gt;controllers.HomeController.index&lt;/span&gt;&lt;/span&gt;&lt;/pre&gt;
                    
                        &lt;pre&gt;&lt;span class=&quot;line&quot;&gt;2&lt;/span&gt;&lt;span class=&quot;route&quot;&gt;&lt;span class=&quot;verb&quot;&gt;GET&lt;/span&gt;&lt;span class=&quot;path&quot;&gt;/scim/v2/Users&lt;/span&gt;&lt;span class=&quot;call&quot;&gt;controllers.SCIMController.users(filter:Option[String], count:Option[String], startIndex:Option[String])&lt;/span&gt;&lt;/span&gt;&lt;/pre&gt;
                    
                        &lt;pre&gt;&lt;span class=&quot;line&quot;&gt;3&lt;/span&gt;&lt;span class=&quot;route&quot;&gt;&lt;span class=&quot;verb&quot;&gt;GET&lt;/span&gt;&lt;span class=&quot;path&quot;&gt;/scim/v2/Users/$uid&amp;lt;[^/]+&amp;gt;&lt;/span&gt;&lt;span class=&quot;call&quot;&gt;controllers.SCIMController.user(uid:String)&lt;/span&gt;&lt;/span&gt;&lt;/pre&gt;
                    
                        &lt;pre&gt;&lt;span class=&quot;line&quot;&gt;4&lt;/span&gt;&lt;span class=&quot;route&quot;&gt;&lt;span class=&quot;verb&quot;&gt;POST&lt;/span&gt;&lt;span class=&quot;path&quot;&gt;/scim/v2/Users&lt;/span&gt;&lt;span class=&quot;call&quot;&gt;controllers.SCIMController.createUser()&lt;/span&gt;&lt;/span&gt;&lt;/pre&gt;
                    
                        &lt;pre&gt;&lt;span class=&quot;line&quot;&gt;5&lt;/span&gt;&lt;span class=&quot;route&quot;&gt;&lt;span class=&quot;verb&quot;&gt;PUT&lt;/span&gt;&lt;span class=&quot;path&quot;&gt;/scim/v2/Users/$uid&amp;lt;[^/]+&amp;gt;&lt;/span&gt;&lt;span class=&quot;call&quot;&gt;controllers.SCIMController.updateUser(uid:String)&lt;/span&gt;&lt;/span&gt;&lt;/pre&gt;
                    
                        &lt;pre&gt;&lt;span class=&quot;line&quot;&gt;6&lt;/span&gt;&lt;span class=&quot;route&quot;&gt;&lt;span class=&quot;verb&quot;&gt;DELETE&lt;/span&gt;&lt;span class=&quot;path&quot;&gt;/scim/v2/Users/$uid&amp;lt;[^/]+&amp;gt;&lt;/span&gt;&lt;span class=&quot;call&quot;&gt;controllers.SCIMController.deleteUser(uid:String)&lt;/span&gt;&lt;/span&gt;&lt;/pre&gt;
                    
                        &lt;pre&gt;&lt;span class=&quot;line&quot;&gt;7&lt;/span&gt;&lt;span class=&quot;route&quot;&gt;&lt;span class=&quot;verb&quot;&gt;GET&lt;/span&gt;&lt;span class=&quot;path&quot;&gt;/scim/v2/Groups&lt;/span&gt;&lt;span class=&quot;call&quot;&gt;controllers.SCIMController.groups(count:Option[String], startIndex:Option[String])&lt;/span&gt;&lt;/span&gt;&lt;/pre&gt;
                    
                        &lt;pre&gt;&lt;span class=&quot;line&quot;&gt;8&lt;/span&gt;&lt;span class=&quot;route&quot;&gt;&lt;span class=&quot;verb&quot;&gt;GET&lt;/span&gt;&lt;span class=&quot;path&quot;&gt;/scim/v2/Groups/$groupId&amp;lt;[^/]+&amp;gt;&lt;/span&gt;&lt;span class=&quot;call&quot;&gt;controllers.SCIMController.group(groupId:String)&lt;/span&gt;&lt;/span&gt;&lt;/pre&gt;
                    
                        &lt;pre&gt;&lt;span class=&quot;line&quot;&gt;9&lt;/span&gt;&lt;span class=&quot;route&quot;&gt;&lt;span class=&quot;verb&quot;&gt;PATCH&lt;/span&gt;&lt;span class=&quot;path&quot;&gt;/scim/v2/Groups/$groupId&amp;lt;[^/]+&amp;gt;&lt;/span&gt;&lt;span class=&quot;call&quot;&gt;controllers.SCIMController.patchGroup(groupId:String)&lt;/span&gt;&lt;/span&gt;&lt;/pre&gt;
                    
                        &lt;pre&gt;&lt;span class=&quot;line&quot;&gt;10&lt;/span&gt;&lt;span class=&quot;route&quot;&gt;&lt;span class=&quot;verb&quot;&gt;GET&lt;/span&gt;&lt;span class=&quot;path&quot;&gt;/assets/$file&amp;lt;.+&amp;gt;&lt;/span&gt;&lt;span class=&quot;call&quot;&gt;controllers.Assets.versioned(path:String = &amp;quot;/public&amp;quot;, file:Asset)&lt;/span&gt;&lt;/span&gt;&lt;/pre&gt;
                    
                &lt;/div&gt;

            

    &lt;/body&gt;
&lt;/html&gt;







&quot; did not include substring &quot;{&quot;user_name&quot;: &quot;VM&quot;}&quot;" type="sbt.ForkMain$ForkError">sbt.ForkMain$ForkError: org.scalatest.exceptions.TestFailedException: &quot;

&lt;!DOCTYPE html&gt;
&lt;html lang=&quot;en&quot;&gt;
    &lt;head&gt;
        &lt;title&gt;Action Not Found&lt;/title&gt;
        &lt;link rel=&quot;shortcut icon&quot; href=&quot;data:image/png;base64,iVBORw0KGgoAAAANSUhEUgAAABAAAAAQCAYAAAAf8/9hAAAAGXRFWHRTb2Z0d2FyZQBBZG9iZSBJbWFnZVJlYWR5ccllPAAAAlFJREFUeNqUU8tOFEEUPVVdNV3dPe8xYRBnjGhmBgKjKzCIiQvBoIaNbly5Z+PSv3Aj7DSiP2B0rwkLGVdGgxITSCRIJGSMEQWZR3eVt5sEFBgTb/dN1yvnnHtPNTPG4PqdHgCMXnPRSZrpSuH8vUJu4DE4rYHDGAZDX62BZttHqTiIayM3gGiXQsgYLEvATaqxU+dy1U13YXapXptpNHY8iwn8KyIAzm1KBdtRZWErpI5lEWTXp5Z/vHpZ3/wyKKwYGGOdAYwR0EZwoezTYApBEIObyELl/aE1/83cp40Pt5mxqCKrE4Ck+mVWKKcI5tA8BLEhRBKJLjez6a7MLq7XZtp+yyOawwCBtkiBVZDKzRk4NN7NQBMYPHiZDFhXY+p9ff7F961vVcnl4R5I2ykJ5XFN7Ab7Gc61VoipNBKF+PDyztu5lfrSLT/wIwCxq0CAGtXHZTzqR2jtwQiXONma6hHpj9sLT7YaPxfTXuZdBGA02Wi7FS48YiTfj+i2NhqtdhP5RC8mh2/Op7y0v6eAcWVLFT8D7kWX5S9mepp+C450MV6aWL1cGnvkxbwHtLW2B9AOkLeUd9KEDuh9fl/7CEj7YH5g+3r/lWfF9In7tPz6T4IIwBJOr1SJyIGQMZQbsh5P9uBq5VJtqHh2mo49pdw5WFoEwKWqWHacaWOjQXWGcifKo6vj5RGS6zykI587XeUIQDqJSmAp+lE4qt19W5P9o8+Lma5DcjsC8JiT607lMVkdqQ0Vyh3lHhmh52tfNy78ajXv0rgYzv8nfwswANuk+7sD/Q0aAAAAAElFTkSuQmCC&quot;&gt;
        &lt;style&gt;
            html, body, pre {
                margin: 0;
                padding: 0;
                font-family: Monaco, 'Lucida Console', monospace;
                background: #ECECEC;
            }
            h1 {
                margin: 0;
                background: #AD632A;
                padding: 20px 45px;
                color: #fff;
                text-shadow: 1px 1px 1px rgba(0,0,0,.3);
                border-bottom: 1px solid #9F5805;
                font-size: 28px;
            }
            p#detail {
                margin: 0;
                padding: 15px 45px;
                background: #F6A960;
                border-top: 4px solid #D29052;
                color: #733512;
                text-shadow: 1px 1px 1px rgba(255,255,255,.3);
                font-size: 14px;
                border-bottom: 1px solid #BA7F5B;
            }
            h2 {
                margin: 0;
                padding: 5px 45px;
                font-size: 12px;
                background: #333;
                color: #fff;
                text-shadow: 1px 1px 1px rgba(0,0,0,.3);
                border-top: 4px solid #2a2a2a;
            }
            pre {
                margin: 0;
                border-bottom: 1px solid #DDD;
                text-shadow: 1px 1px 1px rgba(255,255,255,.5);
                position: relative;
                font-size: 12px;
            }
            pre span.line {
                text-align: right;
                display: inline-block;
                padding: 5px 5px;
                width: 30px;
                background: #D6D6D6;
                color: #8B8B8B;
                text-shadow: 1px 1px 1px rgba(255,255,255,.5);
                font-weight: bold;
            }
            pre span.route {
                padding: 5px 5px;
                position: absolute;
                right: 0;
                left: 40px;
            }
            pre span.route span.verb {
                display: inline-block;
                width: 5%;
                min-width: 50px;
                overflow: hidden;
                margin-right: 10px;
            }
            pre span.route span.path {
                display: inline-block;
                width: 30%;
                min-width: 200px;
                overflow: hidden;
                margin-right: 10px;
            }
            pre span.route span.call {
                display: inline-block;
                width: 50%;
                overflow: hidden;
                margin-right: 10px;
            }
            pre:first-child span.route {
                border-top: 4px solid #CDCDCD;
            }
            pre:first-child span.line {
                border-top: 4px solid #B6B6B6;
            }
            pre.error span.line {
                background: #A31012;
                color: #fff;
                text-shadow: 1px 1px 1px rgba(0,0,0,.3);
            }
        &lt;/style&gt;
    &lt;/head&gt;
    &lt;body&gt;
        &lt;h1&gt;Action Not Found&lt;/h1&gt;

        &lt;p id=&quot;detail&quot;&gt;
            For request 'GET /Users/1001'
        &lt;/p&gt;

        

                &lt;h2&gt;
                    These routes have been tried, in this order:
                &lt;/h2&gt;

                &lt;div&gt;
                    
                        &lt;pre&gt;&lt;span class=&quot;line&quot;&gt;1&lt;/span&gt;&lt;span class=&quot;route&quot;&gt;&lt;span class=&quot;verb&quot;&gt;GET&lt;/span&gt;&lt;span class=&quot;path&quot;&gt;/&lt;/span&gt;&lt;span class=&quot;call&quot;&gt;controllers.HomeController.index&lt;/span&gt;&lt;/span&gt;&lt;/pre&gt;
                    
                        &lt;pre&gt;&lt;span class=&quot;line&quot;&gt;2&lt;/span&gt;&lt;span class=&quot;route&quot;&gt;&lt;span class=&quot;verb&quot;&gt;GET&lt;/span&gt;&lt;span class=&quot;path&quot;&gt;/scim/v2/Users&lt;/span&gt;&lt;span class=&quot;call&quot;&gt;controllers.SCIMController.users(filter:Option[String], count:Option[String], startIndex:Option[String])&lt;/span&gt;&lt;/span&gt;&lt;/pre&gt;
                    
                        &lt;pre&gt;&lt;span class=&quot;line&quot;&gt;3&lt;/span&gt;&lt;span class=&quot;route&quot;&gt;&lt;span class=&quot;verb&quot;&gt;GET&lt;/span&gt;&lt;span class=&quot;path&quot;&gt;/scim/v2/Users/$uid&amp;lt;[^/]+&amp;gt;&lt;/span&gt;&lt;span class=&quot;call&quot;&gt;controllers.SCIMController.user(uid:String)&lt;/span&gt;&lt;/span&gt;&lt;/pre&gt;
                    
                        &lt;pre&gt;&lt;span class=&quot;line&quot;&gt;4&lt;/span&gt;&lt;span class=&quot;route&quot;&gt;&lt;span class=&quot;verb&quot;&gt;POST&lt;/span&gt;&lt;span class=&quot;path&quot;&gt;/scim/v2/Users&lt;/span&gt;&lt;span class=&quot;call&quot;&gt;controllers.SCIMController.createUser()&lt;/span&gt;&lt;/span&gt;&lt;/pre&gt;
                    
                        &lt;pre&gt;&lt;span class=&quot;line&quot;&gt;5&lt;/span&gt;&lt;span class=&quot;route&quot;&gt;&lt;span class=&quot;verb&quot;&gt;PUT&lt;/span&gt;&lt;span class=&quot;path&quot;&gt;/scim/v2/Users/$uid&amp;lt;[^/]+&amp;gt;&lt;/span&gt;&lt;span class=&quot;call&quot;&gt;controllers.SCIMController.updateUser(uid:String)&lt;/span&gt;&lt;/span&gt;&lt;/pre&gt;
                    
                        &lt;pre&gt;&lt;span class=&quot;line&quot;&gt;6&lt;/span&gt;&lt;span class=&quot;route&quot;&gt;&lt;span class=&quot;verb&quot;&gt;DELETE&lt;/span&gt;&lt;span class=&quot;path&quot;&gt;/scim/v2/Users/$uid&amp;lt;[^/]+&amp;gt;&lt;/span&gt;&lt;span class=&quot;call&quot;&gt;controllers.SCIMController.deleteUser(uid:String)&lt;/span&gt;&lt;/span&gt;&lt;/pre&gt;
                    
                        &lt;pre&gt;&lt;span class=&quot;line&quot;&gt;7&lt;/span&gt;&lt;span class=&quot;route&quot;&gt;&lt;span class=&quot;verb&quot;&gt;GET&lt;/span&gt;&lt;span class=&quot;path&quot;&gt;/scim/v2/Groups&lt;/span&gt;&lt;span class=&quot;call&quot;&gt;controllers.SCIMController.groups(count:Option[String], startIndex:Option[String])&lt;/span&gt;&lt;/span&gt;&lt;/pre&gt;
                    
                        &lt;pre&gt;&lt;span class=&quot;line&quot;&gt;8&lt;/span&gt;&lt;span class=&quot;route&quot;&gt;&lt;span class=&quot;verb&quot;&gt;GET&lt;/span&gt;&lt;span class=&quot;path&quot;&gt;/scim/v2/Groups/$groupId&amp;lt;[^/]+&amp;gt;&lt;/span&gt;&lt;span class=&quot;call&quot;&gt;controllers.SCIMController.group(groupId:String)&lt;/span&gt;&lt;/span&gt;&lt;/pre&gt;
                    
                        &lt;pre&gt;&lt;span class=&quot;line&quot;&gt;9&lt;/span&gt;&lt;span class=&quot;route&quot;&gt;&lt;span class=&quot;verb&quot;&gt;PATCH&lt;/span&gt;&lt;span class=&quot;path&quot;&gt;/scim/v2/Groups/$groupId&amp;lt;[^/]+&amp;gt;&lt;/span&gt;&lt;span class=&quot;call&quot;&gt;controllers.SCIMController.patchGroup(groupId:String)&lt;/span&gt;&lt;/span&gt;&lt;/pre&gt;
                    
                        &lt;pre&gt;&lt;span class=&quot;line&quot;&gt;10&lt;/span&gt;&lt;span class=&quot;route&quot;&gt;&lt;span class=&quot;verb&quot;&gt;GET&lt;/span&gt;&lt;span class=&quot;path&quot;&gt;/assets/$file&amp;lt;.+&amp;gt;&lt;/span&gt;&lt;span class=&quot;call&quot;&gt;controllers.Assets.versioned(path:String = &amp;quot;/public&amp;quot;, file:Asset)&lt;/span&gt;&lt;/span&gt;&lt;/pre&gt;
                    
                &lt;/div&gt;

            

    &lt;/body&gt;
&lt;/html&gt;







&quot; did not include substring &quot;{&quot;user_name&quot;: &quot;VM&quot;}&quot;
	at org.scalatest.MatchersHelper$.newTestFailedException(MatchersHelper.scala:160)
	at org.scalatest.MustMatchers$MustMethodHelper$.mustMatcher(MustMatchers.scala:6254)
	at org.scalatest.MustMatchers$AnyMustWrapper.must(MustMatchers.scala:6288)
	at ApplicationSpec$$anonfun$3$$anonfun$apply$mcV$sp$3.apply$mcV$sp(ApplicationSpec.scala:50)
	at ApplicationSpec$$anonfun$3$$anonfun$apply$mcV$sp$3.apply(ApplicationSpec.scala:47)
	at ApplicationSpec$$anonfun$3$$anonfun$apply$mcV$sp$3.apply(ApplicationSpec.scala:47)
	at org.scalatest.Transformer$$anonfun$apply$1.apply$mcV$sp(Transformer.scala:22)
	at org.scalatest.OutcomeOf$class.outcomeOf(OutcomeOf.scala:85)
	at org.scalatest.OutcomeOf$.outcomeOf(OutcomeOf.scala:104)
	at org.scalatest.Transformer.apply(Transformer.scala:22)
	at org.scalatest.Transformer.apply(Transformer.scala:20)
	at org.scalatest.WordSpecLike$$anon$1.apply(WordSpecLike.scala:953)
	at org.scalatest.Suite$class.withFixture(Suite.scala:1122)
	at ApplicationSpec.org$scalatestplus$play$OneAppPerTest$$super$withFixture(ApplicationSpec.scala:15)
	at org.scalatestplus.play.OneAppPerTest$$anonfun$withFixture$1.apply(OneAppPerTest.scala:90)
	at org.scalatestplus.play.OneAppPerTest$$anonfun$withFixture$1.apply(OneAppPerTest.scala:90)
	at play.api.test.PlayRunners$class.running(Helpers.scala:57)
	at play.api.test.Helpers$.running(Helpers.scala:382)
	at org.scalatestplus.play.OneAppPerTest$class.withFixture(OneAppPerTest.scala:89)
	at ApplicationSpec.withFixture(ApplicationSpec.scala:15)
	at org.scalatest.WordSpecLike$class.invokeWithFixture$1(WordSpecLike.scala:950)
	at org.scalatest.WordSpecLike$$anonfun$runTest$1.apply(WordSpecLike.scala:962)
	at org.scalatest.WordSpecLike$$anonfun$runTest$1.apply(WordSpecLike.scala:962)
	at org.scalatest.SuperEngine.runTestImpl(Engine.scala:306)
	at org.scalatest.WordSpecLike$class.runTest(WordSpecLike.scala:962)
	at org.scalatest.WordSpec.runTest(WordSpec.scala:1881)
	at org.scalatest.WordSpecLike$$anonfun$runTests$1.apply(WordSpecLike.scala:1021)
	at org.scalatest.WordSpecLike$$anonfun$runTests$1.apply(WordSpecLike.scala:1021)
	at org.scalatest.SuperEngine$$anonfun$traverseSubNodes$1$1.apply(Engine.scala:413)
	at org.scalatest.SuperEngine$$anonfun$traverseSubNodes$1$1.apply(Engine.scala:401)
	at scala.collection.immutable.List.foreach(List.scala:381)
	at org.scalatest.SuperEngine.traverseSubNodes$1(Engine.scala:401)
	at org.scalatest.SuperEngine.org$scalatest$SuperEngine$$runTestsInBranch(Engine.scala:390)
	at org.scalatest.SuperEngine$$anonfun$traverseSubNodes$1$1.apply(Engine.scala:427)
	at org.scalatest.SuperEngine$$anonfun$traverseSubNodes$1$1.apply(Engine.scala:401)
	at scala.collection.immutable.List.foreach(List.scala:381)
	at org.scalatest.SuperEngine.traverseSubNodes$1(Engine.scala:401)
	at org.scalatest.SuperEngine.org$scalatest$SuperEngine$$runTestsInBranch(Engine.scala:396)
	at org.scalatest.SuperEngine.runTestsImpl(Engine.scala:483)
	at org.scalatest.WordSpecLike$class.runTests(WordSpecLike.scala:1021)
	at org.scalatest.WordSpec.runTests(WordSpec.scala:1881)
	at org.scalatest.Suite$class.run(Suite.scala:1424)
	at org.scalatest.WordSpec.org$scalatest$WordSpecLike$$super$run(WordSpec.scala:1881)
	at org.scalatest.WordSpecLike$$anonfun$run$1.apply(WordSpecLike.scala:1067)
	at org.scalatest.WordSpecLike$$anonfun$run$1.apply(WordSpecLike.scala:1067)
	at org.scalatest.SuperEngine.runImpl(Engine.scala:545)
	at org.scalatest.WordSpecLike$class.run(WordSpecLike.scala:1067)
	at org.scalatest.WordSpec.run(WordSpec.scala:1881)
	at org.scalatest.tools.Framework.org$scalatest$tools$Framework$$runSuite(Framework.scala:357)
	at org.scalatest.tools.Framework$ScalaTestTask.execute(Framework.scala:502)
	at sbt.ForkMain$Run$2.call(ForkMain.java:296)
	at sbt.ForkMain$Run$2.call(ForkMain.java:286)
	at java.util.concurrent.FutureTask.run(FutureTask.java:266)
	at java.util.concurrent.ThreadPoolExecutor.runWorker(ThreadPoolExecutor.java:1142)
	at java.util.concurrent.ThreadPoolExecutor$Worker.run(ThreadPoolExecutor.java:617)
	at java.lang.Thread.run(Thread.java:748)
</failure>
                                               </testcase>
                     <system-out></system-out>
                     <system-err></system-err>
                   </testsuite>